<?xml version="1.0" encoding="UTF-8"?>
<!-- Generated by org.testng.reporters.JUnitReportReporter -->
<testsuite skipped="0" hostname="LAPTOP-0CE22SCR" name="com.Amiswiz1CRM.Testscript.CreateLeadTest" tests="1" failures="0" timestamp="2021-09-06T13:58:55 IST" time="17.752" errors="0">
  <testcase name="CreateLead" time="17.752" classname="com.Amiswiz1CRM.Testscript.CreateLeadTest"/>
  <system-out/>
</testsuite> <!-- com.Amiswiz1CRM.Testscript.CreateLeadTest -->
